<?xml version="1.0" encoding="UTF-8"?>
<!-- Generated by org.testng.reporters.JUnitReportReporter -->
<testsuite hostname="MyHP" name="DataDrivenFramework.DDF.AppTest" tests="1" failures="0" timestamp="19 May 2018 13:50:33 GMT" time="16.287" errors="0">
  <testcase name="gooleHoverTest" time="16.287" classname="DataDrivenFramework.DDF.AppTest"/>
</testsuite> <!-- DataDrivenFramework.DDF.AppTest -->
