<?xml version="1.0" encoding="UTF-8"?>
<!-- Generated by org.testng.reporters.JUnitReportReporter -->
<testsuite hostname="MyHP" name="com.demo.testcases.TC_001" tests="1" failures="0" timestamp="19 May 2018 14:00:13 GMT" time="41.450" errors="0">
  <testcase name="TC_method_001" time="41.450" classname="com.demo.testcases.TC_001"/>
</testsuite> <!-- com.demo.testcases.TC_001 -->
