<?xml version="1.0" encoding="UTF-8"?>
<!-- Generated by org.testng.reporters.JUnitReportReporter -->
<testsuite hostname="MyHP" name="DataDrivenFramework.DDF.NewTest" tests="1" failures="0" timestamp="17 Apr 2018 03:18:40 GMT" time="2.024" errors="0">
  <testcase name="Demo" time="2.024" classname="DataDrivenFramework.DDF.NewTest"/>
</testsuite> <!-- DataDrivenFramework.DDF.NewTest -->
